<?xml version="1.0" encoding="UTF-8"?>
<!-- Generated by org.testng.reporters.JUnitReportReporter -->
<testsuite hostname="ykenan" failures="0" tests="1" name="ykenanTest.tests.StandAloneTest" time="10.312" errors="0" timestamp="2023-06-26T14:59:21 TRT" skipped="0">
  <testcase classname="ykenanTest.tests.StandAloneTest" name="submitOrder" time="10.312"/>
  <system-out/>
</testsuite> <!-- ykenanTest.tests.StandAloneTest -->
