<?xml version="1.0" encoding="UTF-8"?>
<!-- Generated by org.testng.reporters.JUnitReportReporter -->
<testsuite hostname="ykenan" failures="0" tests="2" name="ykenanTest.tests.SubmitOrderTest" time="16.585" errors="0" timestamp="2023-07-03T16:17:29 TRT" skipped="0">
  <testcase classname="ykenanTest.tests.SubmitOrderTest" name="submitOrder" time="9.134"/>
  <system-out/>
  <testcase classname="ykenanTest.tests.SubmitOrderTest" name="submitOrder" time="7.451"/>
  <system-out/>
</testsuite> <!-- ykenanTest.tests.SubmitOrderTest -->
